[debug] [2021-06-27T15:10:33.231Z] ----------------------------------------------------------------------
[debug] [2021-06-27T15:10:33.235Z] Command:       /home/ubuntu/.nvm/versions/node/v12.20.1/bin/node /home/ubuntu/.nvm/versions/node/v12.20.1/bin/firebase init
[debug] [2021-06-27T15:10:33.235Z] CLI Version:   9.14.0
[debug] [2021-06-27T15:10:33.236Z] Platform:      linux
[debug] [2021-06-27T15:10:33.236Z] Node Version:  v12.20.1
[debug] [2021-06-27T15:10:33.236Z] Time:          Sun Jun 27 2021 17:10:33 GMT+0200 (Central European Summer Time)
[debug] [2021-06-27T15:10:33.237Z] ----------------------------------------------------------------------
[debug] 
[debug] [2021-06-27T15:10:33.250Z] > command requires scopes: ["email","openid","https://www.googleapis.com/auth/cloudplatformprojects.readonly","https://www.googleapis.com/auth/firebase","https://www.googleapis.com/auth/cloud-platform"]
[debug] [2021-06-27T15:10:33.251Z] > authorizing via signed-in user (dendenmuniz@gmail.com)
[info] 
     ######## #### ########  ######## ########     ###     ######  ########
     ##        ##  ##     ## ##       ##     ##  ##   ##  ##       ##
     ######    ##  ########  ######   ########  #########  ######  ######
     ##        ##  ##    ##  ##       ##     ## ##     ##       ## ##
     ##       #### ##     ## ######## ########  ##     ##  ######  ########

You're about to initialize a Firebase project in this directory:

  /home/ubuntu/Documents/Denise/letmeask

[info] 
=== Project Setup
[info] 
[info] First, let's associate this project directory with a Firebase project.
[info] You can create multiple project aliases by running firebase use --add, 
[info] but for now we'll just set up a default project.
[info] 
[debug] [2021-06-27T15:11:42.383Z] >>> [apiv2][query] GET https://firebase.googleapis.com/v1beta1/projects pageSize=100
[debug] [2021-06-27T15:11:42.853Z] <<< [apiv2][status] GET https://firebase.googleapis.com/v1beta1/projects 200
[debug] [2021-06-27T15:11:42.853Z] <<< [apiv2][body] GET https://firebase.googleapis.com/v1beta1/projects [omitted]
[info] i  Using project letmeask-76110 (letmeask) 
[info] 
=== Hosting Setup
[info] 
[info] Your public directory is the folder (relative to your project directory) that
[info] will contain Hosting assets to be uploaded with firebase deploy. If you
[info] have a build process for your assets, use your build's output directory.
[info] 
[debug] [2021-06-27T15:14:04.057Z] >>> [apiv2][query] GET https://www.gstatic.com/firebasejs/releases.json [none]
[debug] [2021-06-27T15:14:04.108Z] <<< [apiv2][status] GET https://www.gstatic.com/firebasejs/releases.json 200
[debug] [2021-06-27T15:14:04.109Z] <<< [apiv2][body] GET https://www.gstatic.com/firebasejs/releases.json {"current":{"version":"8.6.8","browserURL":"https://www.gstatic.com/firebasejs/8.6.8/firebase.js","packageURL":"https://www.gstatic.com/firebasejs/8.6.8/firebase.tgz"},"live":{"version":"8.6","browserURL":"https://www.gstatic.com/firebasejs/live/8.6/firebase.js","packageURL":"https://www.gstatic.com/firebasejs/live/8.6/firebase.tgz"},"components":{"analytics":"https://www.gstatic.com/firebasejs/8.6.8/firebase-analytics.js","app":"https://www.gstatic.com/firebasejs/8.6.8/firebase-app.js","app-check":"https://www.gstatic.com/firebasejs/8.6.8/firebase-app-check.js","auth":"https://www.gstatic.com/firebasejs/8.6.8/firebase-auth.js","database":"https://www.gstatic.com/firebasejs/8.6.8/firebase-database.js","firestore":"https://www.gstatic.com/firebasejs/8.6.8/firebase-firestore.js","functions":"https://www.gstatic.com/firebasejs/8.6.8/firebase-functions.js","installations":"https://www.gstatic.com/firebasejs/8.6.8/firebase-installations.js","messaging":"https://www.gstatic.com/firebasejs/8.6.8/firebase-messaging.js","storage":"https://www.gstatic.com/firebasejs/8.6.8/firebase-storage.js","performance":"https://www.gstatic.com/firebasejs/8.6.8/firebase-performance.js","remote-config":"https://www.gstatic.com/firebasejs/8.6.8/firebase-remote-config.js","firestore.memory":"https://www.gstatic.com/firebasejs/8.6.8/firebase-firestore.memory.js"}}
[info] ✔  Wrote build/index.html 
[info] 
[info] i  Detected a .git folder at /home/ubuntu/Documents/Denise/letmeask 
[info] i  Authorizing with GitHub to upload your service account to a GitHub repository's secrets store. 
[info] 
[info] Visit this URL on this device to log in:
[info] https://github.com/login/oauth/authorize?client_id=89cf50f02ac6aaed3484&state=332300758&redirect_uri=http%3A%2F%2Flocalhost%3A9005&scope=read%3Auser%20repo%20public_repo
[info] 
[info] Waiting for authentication...
[debug] [2021-06-27T15:14:26.762Z] >>> HTTP REQUEST POST https://github.com/login/oauth/access_token  
 {"client_id":"89cf50f02ac6aaed3484","client_secret":"3330d14abc895d9a74d5f17cd7a00711fa2c5bf0","code":"9215abb7ecb5b2307d8d","redirect_uri":"http://localhost:9005","state":"332300758"}
[debug] [2021-06-27T15:14:27.035Z] <<< HTTP RESPONSE 200 {"server":"GitHub.com","date":"Sun, 27 Jun 2021 15:14:26 GMT","content-type":"application/json; charset=utf-8","transfer-encoding":"chunked","vary":"X-PJAX, Accept-Encoding, Accept, X-Requested-With","permissions-policy":"interest-cohort=()","etag":"W/\"033045e7792893ce0d0b3da24963f048\"","cache-control":"max-age=0, private, must-revalidate","strict-transport-security":"max-age=31536000; includeSubdomains; preload","x-frame-options":"deny","x-content-type-options":"nosniff","x-xss-protection":"0","referrer-policy":"origin-when-cross-origin, strict-origin-when-cross-origin","expect-ct":"max-age=2592000, report-uri=\"https://api.github.com/_private/browser/errors\"","content-security-policy":"default-src 'none'; base-uri 'self'; block-all-mixed-content; connect-src 'self' uploads.github.com www.githubstatus.com collector.githubapp.com api.github.com github-cloud.s3.amazonaws.com github-production-repository-file-5c1aeb.s3.amazonaws.com github-production-upload-manifest-file-7fdce7.s3.amazonaws.com github-production-user-asset-6210df.s3.amazonaws.com cdn.optimizely.com logx.optimizely.com/v1/events translator.github.com wss://alive.github.com; font-src github.githubassets.com; form-action 'self' github.com gist.github.com; frame-ancestors 'none'; frame-src render.githubusercontent.com render-temp.githubusercontent.com viewscreen.githubusercontent.com; img-src 'self' data: github.githubassets.com identicons.github.com collector.githubapp.com github-cloud.s3.amazonaws.com secured-user-images.githubusercontent.com/ *.githubusercontent.com; manifest-src 'self'; media-src 'none'; script-src github.githubassets.com; style-src 'unsafe-inline' github.githubassets.com; worker-src github.com/socket-worker-3f088aa2.js gist.github.com/socket-worker-3f088aa2.js","x-github-request-id":"B4EA:8233:3E114F6:3FDCE3B:60D895D2"}
[debug] [2021-06-27T15:14:27.040Z] >>> [apiv2][query] GET https://api.github.com/user [none]
[debug] [2021-06-27T15:14:27.408Z] <<< [apiv2][status] GET https://api.github.com/user 200
[debug] [2021-06-27T15:14:27.408Z] <<< [apiv2][body] GET https://api.github.com/user {"login":"dendenmuniz","id":57671852,"node_id":"MDQ6VXNlcjU3NjcxODUy","avatar_url":"https://avatars.githubusercontent.com/u/57671852?v=4","gravatar_id":"","url":"https://api.github.com/users/dendenmuniz","html_url":"https://github.com/dendenmuniz","followers_url":"https://api.github.com/users/dendenmuniz/followers","following_url":"https://api.github.com/users/dendenmuniz/following{/other_user}","gists_url":"https://api.github.com/users/dendenmuniz/gists{/gist_id}","starred_url":"https://api.github.com/users/dendenmuniz/starred{/owner}{/repo}","subscriptions_url":"https://api.github.com/users/dendenmuniz/subscriptions","organizations_url":"https://api.github.com/users/dendenmuniz/orgs","repos_url":"https://api.github.com/users/dendenmuniz/repos","events_url":"https://api.github.com/users/dendenmuniz/events{/privacy}","received_events_url":"https://api.github.com/users/dendenmuniz/received_events","type":"User","site_admin":false,"name":"Denise Muniz","company":null,"blog":"","location":"Stockholm - Sweden","email":null,"hireable":true,"bio":null,"twitter_username":null,"public_repos":12,"public_gists":0,"followers":0,"following":4,"created_at":"2019-11-12T13:46:54Z","updated_at":"2021-06-27T15:14:26Z","private_gists":0,"total_private_repos":7,"owned_private_repos":7,"disk_usage":50640,"collaborators":0,"two_factor_authentication":false,"plan":{"name":"free","space":976562499,"collaborators":0,"private_repos":10000}}
[info] 
[info] ✔  Success! Logged into GitHub as dendenmuniz 
[info] 
